2025-06-01 18:22:23.730 [background-preinit] INFO  org.hibernate.validator.internal.util.Version:21 - HV000001: Hibernate Validator 6.2.5.Final
2025-06-01 18:22:23.755 [restartedMain] INFO  com.luotao.job.JobApplication:55 - Starting JobApplication using Java 1.8.0_31 on T with PID 22164 (D:\workspace\java-projects\my-blog\my-javapp\job-api\target\classes started by T in D:\workspace\java-projects\my-blog\my-javapp)
2025-06-01 18:22:23.758 [restartedMain] INFO  com.luotao.job.JobApplication:632 - No active profile set, falling back to 1 default profile: "default"
2025-06-01 18:22:24.122 [restartedMain] INFO  o.s.b.d.env.DevToolsPropertyDefaultsPostProcessor:255 - Devtools property defaults active! Set 'spring.devtools.add-properties' to 'false' to disable
2025-06-01 18:22:24.122 [restartedMain] INFO  o.s.b.d.env.DevToolsPropertyDefaultsPostProcessor:255 - For additional web related logging consider setting the 'logging.level.web' property to 'DEBUG'
2025-06-01 18:22:25.248 [restartedMain] INFO  o.s.d.r.config.RepositoryConfigurationDelegate:262 - Multiple Spring Data modules found, entering strict repository configuration mode
2025-06-01 18:22:25.250 [restartedMain] INFO  o.s.d.r.config.RepositoryConfigurationDelegate:132 - Bootstrapping Spring Data Redis repositories in DEFAULT mode.
2025-06-01 18:22:25.280 [restartedMain] INFO  o.s.d.r.config.RepositoryConfigurationDelegate:201 - Finished Spring Data repository scanning in 13 ms. Found 0 Redis repository interfaces.
2025-06-01 18:22:25.666 [restartedMain] INFO  o.springframework.cloud.context.scope.GenericScope:283 - BeanFactory id=cbe041e8-4b7a-314d-8d95-736c6c5548e9
2025-06-01 18:22:26.286 [restartedMain] INFO  o.s.boot.web.embedded.tomcat.TomcatWebServer:108 - Tomcat initialized with port(s): 8080 (http)
2025-06-01 18:22:26.286 [restartedMain] INFO  org.apache.catalina.core.AprLifecycleListener:173 - Loaded Apache Tomcat Native library [1.2.39] using APR version [1.7.4].
2025-06-01 18:22:26.287 [restartedMain] INFO  org.apache.catalina.core.AprLifecycleListener:173 - APR capabilities: IPv6 [true], sendfile [true], accept filters [false], random [true], UDS [true].
2025-06-01 18:22:26.287 [restartedMain] INFO  org.apache.catalina.core.AprLifecycleListener:173 - APR/OpenSSL configuration: useAprConnector [false], useOpenSSL [true]
2025-06-01 18:22:26.291 [restartedMain] INFO  org.apache.catalina.core.AprLifecycleListener:173 - OpenSSL successfully initialized [OpenSSL 3.0.11 19 Sep 2023]
2025-06-01 18:22:26.298 [restartedMain] INFO  org.apache.coyote.http11.Http11NioProtocol:173 - Initializing ProtocolHandler ["http-nio-8080"]
2025-06-01 18:22:26.300 [restartedMain] INFO  org.apache.catalina.core.StandardService:173 - Starting service [Tomcat]
2025-06-01 18:22:26.300 [restartedMain] INFO  org.apache.catalina.core.StandardEngine:173 - Starting Servlet engine: [Apache Tomcat/9.0.83]
2025-06-01 18:22:26.385 [restartedMain] INFO  o.a.c.core.ContainerBase.[Tomcat].[localhost].[/]:173 - Initializing Spring embedded WebApplicationContext
2025-06-01 18:22:26.385 [restartedMain] INFO  o.s.b.w.s.c.ServletWebServerApplicationContext:292 - Root WebApplicationContext: initialization completed in 2262 ms
2025-06-01 18:22:29.647 [restartedMain] INFO  o.s.b.d.autoconfigure.OptionalLiveReloadServer:59 - LiveReload server is running on port 35729
2025-06-01 18:22:30.690 [restartedMain] INFO  o.s.c.n.e.c.DiscoveryClientOptionalArgsConfiguration:71 - Eureka HTTP Client uses RestTemplate.
2025-06-01 18:22:31.280 [restartedMain] INFO  o.s.cloud.netflix.eureka.InstanceInfoFactory:67 - Setting initial instance status as: STARTING
2025-06-01 18:22:31.334 [restartedMain] INFO  com.netflix.discovery.DiscoveryClient:372 - Initializing Eureka in region us-east-1
2025-06-01 18:22:31.341 [restartedMain] INFO  c.n.d.shared.resolver.aws.ConfigClusterResolver:43 - Resolving eureka endpoints via configuration
2025-06-01 18:22:31.368 [restartedMain] INFO  com.netflix.discovery.DiscoveryClient:1007 - Disable delta property : false
2025-06-01 18:22:31.368 [restartedMain] INFO  com.netflix.discovery.DiscoveryClient:1008 - Single vip registry refresh property : null
2025-06-01 18:22:31.369 [restartedMain] INFO  com.netflix.discovery.DiscoveryClient:1009 - Force full registry fetch : false
2025-06-01 18:22:31.369 [restartedMain] INFO  com.netflix.discovery.DiscoveryClient:1010 - Application is null : false
2025-06-01 18:22:31.369 [restartedMain] INFO  com.netflix.discovery.DiscoveryClient:1011 - Registered Applications size is zero : true
2025-06-01 18:22:31.369 [restartedMain] INFO  com.netflix.discovery.DiscoveryClient:1013 - Application version is -1: true
2025-06-01 18:22:31.369 [restartedMain] INFO  com.netflix.discovery.DiscoveryClient:1097 - Getting all instance registry info from the eureka server
2025-06-01 18:22:31.742 [restartedMain] INFO  com.netflix.discovery.DiscoveryClient:1106 - The response status is 200
2025-06-01 18:22:31.745 [restartedMain] INFO  com.netflix.discovery.DiscoveryClient:1321 - Starting heartbeat executor: renew interval is: 30
2025-06-01 18:22:31.750 [restartedMain] INFO  com.netflix.discovery.InstanceInfoReplicator:60 - InstanceInfoReplicator onDemand update allowed rate per min is 4
2025-06-01 18:22:31.755 [restartedMain] INFO  com.netflix.discovery.DiscoveryClient:492 - Discovery Client initialized at timestamp 1748773351754 with initial instances count: 2
2025-06-01 18:22:31.758 [restartedMain] INFO  o.s.c.n.e.serviceregistry.EurekaServiceRegistry:41 - Registering application JOB-API with eureka with status UP
2025-06-01 18:22:31.759 [restartedMain] INFO  com.netflix.discovery.DiscoveryClient:1352 - Saw local status change event StatusChangeEvent [timestamp=1748773351759, current=UP, previous=STARTING]
2025-06-01 18:22:31.761 [DiscoveryClient-InstanceInfoReplicator-0] INFO  com.netflix.discovery.DiscoveryClient:873 - DiscoveryClient_JOB-API/192.168.45.86:8080: registering service...
2025-06-01 18:22:31.761 [restartedMain] INFO  org.apache.coyote.http11.Http11NioProtocol:173 - Starting ProtocolHandler ["http-nio-8080"]
2025-06-01 18:22:31.795 [restartedMain] INFO  o.s.boot.web.embedded.tomcat.TomcatWebServer:220 - Tomcat started on port(s): 8080 (http) with context path ''
2025-06-01 18:22:31.796 [restartedMain] INFO  o.s.c.n.e.s.EurekaAutoServiceRegistration:144 - Updating port to 8080
2025-06-01 18:22:31.998 [DiscoveryClient-InstanceInfoReplicator-0] INFO  com.netflix.discovery.DiscoveryClient:882 - DiscoveryClient_JOB-API/192.168.45.86:8080 - registration status: 204
2025-06-01 18:22:32.651 [restartedMain] INFO  com.luotao.job.JobApplication:61 - Started JobApplication in 10.142 seconds (JVM running for 11.319)
2025-06-01 18:22:50.915 [SpringApplicationShutdownHook] INFO  o.s.c.n.e.serviceregistry.EurekaServiceRegistry:62 - Unregistering application JOB-API with eureka with status DOWN
2025-06-01 18:22:50.915 [SpringApplicationShutdownHook] INFO  com.netflix.discovery.DiscoveryClient:1352 - Saw local status change event StatusChangeEvent [timestamp=1748773370915, current=DOWN, previous=UP]
2025-06-01 18:22:50.915 [DiscoveryClient-InstanceInfoReplicator-0] INFO  com.netflix.discovery.DiscoveryClient:873 - DiscoveryClient_JOB-API/192.168.45.86:8080: registering service...
2025-06-01 18:22:50.923 [DiscoveryClient-InstanceInfoReplicator-0] INFO  com.netflix.discovery.DiscoveryClient:882 - DiscoveryClient_JOB-API/192.168.45.86:8080 - registration status: 204
2025-06-01 18:22:51.183 [SpringApplicationShutdownHook] INFO  com.netflix.discovery.DiscoveryClient:935 - Shutting down DiscoveryClient ...
2025-06-01 18:22:54.195 [SpringApplicationShutdownHook] INFO  com.netflix.discovery.DiscoveryClient:971 - Unregistering ...
2025-06-01 18:22:54.212 [SpringApplicationShutdownHook] INFO  com.netflix.discovery.DiscoveryClient:973 - DiscoveryClient_JOB-API/192.168.45.86:8080 - deregister  status: 200
2025-06-01 18:22:54.219 [SpringApplicationShutdownHook] INFO  com.netflix.discovery.DiscoveryClient:960 - Completed shut down of DiscoveryClient
2025-06-01 18:22:57.589 [background-preinit] INFO  org.hibernate.validator.internal.util.Version:21 - HV000001: Hibernate Validator 6.2.5.Final
2025-06-01 18:22:57.600 [restartedMain] INFO  com.luotao.job.JobApplication:55 - Starting JobApplication using Java 1.8.0_31 on T with PID 22712 (D:\workspace\java-projects\my-blog\my-javapp\job-api\target\classes started by T in D:\workspace\java-projects\my-blog\my-javapp)
2025-06-01 18:22:57.601 [restartedMain] INFO  com.luotao.job.JobApplication:632 - No active profile set, falling back to 1 default profile: "default"
2025-06-01 18:22:57.660 [restartedMain] INFO  o.s.b.d.env.DevToolsPropertyDefaultsPostProcessor:255 - Devtools property defaults active! Set 'spring.devtools.add-properties' to 'false' to disable
2025-06-01 18:22:57.660 [restartedMain] INFO  o.s.b.d.env.DevToolsPropertyDefaultsPostProcessor:255 - For additional web related logging consider setting the 'logging.level.web' property to 'DEBUG'
2025-06-01 18:22:58.844 [restartedMain] INFO  o.s.d.r.config.RepositoryConfigurationDelegate:262 - Multiple Spring Data modules found, entering strict repository configuration mode
2025-06-01 18:22:58.846 [restartedMain] INFO  o.s.d.r.config.RepositoryConfigurationDelegate:132 - Bootstrapping Spring Data Redis repositories in DEFAULT mode.
2025-06-01 18:22:58.874 [restartedMain] INFO  o.s.d.r.config.RepositoryConfigurationDelegate:201 - Finished Spring Data repository scanning in 12 ms. Found 0 Redis repository interfaces.
2025-06-01 18:22:59.201 [restartedMain] INFO  o.springframework.cloud.context.scope.GenericScope:283 - BeanFactory id=cbe041e8-4b7a-314d-8d95-736c6c5548e9
2025-06-01 18:22:59.796 [restartedMain] INFO  o.s.boot.web.embedded.tomcat.TomcatWebServer:108 - Tomcat initialized with port(s): 8080 (http)
2025-06-01 18:22:59.798 [restartedMain] INFO  org.apache.catalina.core.AprLifecycleListener:173 - Loaded Apache Tomcat Native library [1.2.39] using APR version [1.7.4].
2025-06-01 18:22:59.798 [restartedMain] INFO  org.apache.catalina.core.AprLifecycleListener:173 - APR capabilities: IPv6 [true], sendfile [true], accept filters [false], random [true], UDS [true].
2025-06-01 18:22:59.798 [restartedMain] INFO  org.apache.catalina.core.AprLifecycleListener:173 - APR/OpenSSL configuration: useAprConnector [false], useOpenSSL [true]
2025-06-01 18:22:59.804 [restartedMain] INFO  org.apache.catalina.core.AprLifecycleListener:173 - OpenSSL successfully initialized [OpenSSL 3.0.11 19 Sep 2023]
2025-06-01 18:22:59.815 [restartedMain] INFO  org.apache.coyote.http11.Http11NioProtocol:173 - Initializing ProtocolHandler ["http-nio-8080"]
2025-06-01 18:22:59.817 [restartedMain] INFO  org.apache.catalina.core.StandardService:173 - Starting service [Tomcat]
2025-06-01 18:22:59.817 [restartedMain] INFO  org.apache.catalina.core.StandardEngine:173 - Starting Servlet engine: [Apache Tomcat/9.0.83]
2025-06-01 18:22:59.919 [restartedMain] INFO  o.a.c.core.ContainerBase.[Tomcat].[localhost].[/]:173 - Initializing Spring embedded WebApplicationContext
2025-06-01 18:22:59.919 [restartedMain] INFO  o.s.b.w.s.c.ServletWebServerApplicationContext:292 - Root WebApplicationContext: initialization completed in 2258 ms
2025-06-01 18:23:01.924 [restartedMain] INFO  o.s.b.d.autoconfigure.OptionalLiveReloadServer:59 - LiveReload server is running on port 35729
2025-06-01 18:23:02.546 [restartedMain] INFO  o.s.c.n.e.c.DiscoveryClientOptionalArgsConfiguration:71 - Eureka HTTP Client uses RestTemplate.
2025-06-01 18:23:03.045 [restartedMain] INFO  o.s.cloud.netflix.eureka.InstanceInfoFactory:67 - Setting initial instance status as: STARTING
2025-06-01 18:23:03.082 [restartedMain] INFO  com.netflix.discovery.DiscoveryClient:372 - Initializing Eureka in region us-east-1
2025-06-01 18:23:03.087 [restartedMain] INFO  c.n.d.shared.resolver.aws.ConfigClusterResolver:43 - Resolving eureka endpoints via configuration
2025-06-01 18:23:03.110 [restartedMain] INFO  com.netflix.discovery.DiscoveryClient:1007 - Disable delta property : false
2025-06-01 18:23:03.111 [restartedMain] INFO  com.netflix.discovery.DiscoveryClient:1008 - Single vip registry refresh property : null
2025-06-01 18:23:03.111 [restartedMain] INFO  com.netflix.discovery.DiscoveryClient:1009 - Force full registry fetch : false
2025-06-01 18:23:03.111 [restartedMain] INFO  com.netflix.discovery.DiscoveryClient:1010 - Application is null : false
2025-06-01 18:23:03.111 [restartedMain] INFO  com.netflix.discovery.DiscoveryClient:1011 - Registered Applications size is zero : true
2025-06-01 18:23:03.111 [restartedMain] INFO  com.netflix.discovery.DiscoveryClient:1013 - Application version is -1: true
2025-06-01 18:23:03.112 [restartedMain] INFO  com.netflix.discovery.DiscoveryClient:1097 - Getting all instance registry info from the eureka server
2025-06-01 18:23:03.419 [restartedMain] INFO  com.netflix.discovery.DiscoveryClient:1106 - The response status is 200
2025-06-01 18:23:03.422 [restartedMain] INFO  com.netflix.discovery.DiscoveryClient:1321 - Starting heartbeat executor: renew interval is: 30
2025-06-01 18:23:03.426 [restartedMain] INFO  com.netflix.discovery.InstanceInfoReplicator:60 - InstanceInfoReplicator onDemand update allowed rate per min is 4
2025-06-01 18:23:03.432 [restartedMain] INFO  com.netflix.discovery.DiscoveryClient:492 - Discovery Client initialized at timestamp 1748773383430 with initial instances count: 2
2025-06-01 18:23:03.434 [restartedMain] INFO  o.s.c.n.e.serviceregistry.EurekaServiceRegistry:41 - Registering application JOB-API with eureka with status UP
2025-06-01 18:23:03.434 [restartedMain] INFO  com.netflix.discovery.DiscoveryClient:1352 - Saw local status change event StatusChangeEvent [timestamp=1748773383434, current=UP, previous=STARTING]
2025-06-01 18:23:03.437 [DiscoveryClient-InstanceInfoReplicator-0] INFO  com.netflix.discovery.DiscoveryClient:873 - DiscoveryClient_JOB-API/192.168.45.86:8080: registering service...
2025-06-01 18:23:03.436 [restartedMain] INFO  org.apache.coyote.http11.Http11NioProtocol:173 - Starting ProtocolHandler ["http-nio-8080"]
2025-06-01 18:23:03.465 [restartedMain] INFO  o.s.boot.web.embedded.tomcat.TomcatWebServer:220 - Tomcat started on port(s): 8080 (http) with context path ''
2025-06-01 18:23:03.467 [restartedMain] INFO  o.s.c.n.e.s.EurekaAutoServiceRegistration:144 - Updating port to 8080
2025-06-01 18:23:03.671 [DiscoveryClient-InstanceInfoReplicator-0] INFO  com.netflix.discovery.DiscoveryClient:882 - DiscoveryClient_JOB-API/192.168.45.86:8080 - registration status: 204
2025-06-01 18:23:04.293 [restartedMain] INFO  com.luotao.job.JobApplication:61 - Started JobApplication in 7.634 seconds (JVM running for 8.957)
2025-06-01 18:28:03.126 [AsyncResolver-bootstrap-executor-0] INFO  c.n.d.shared.resolver.aws.ConfigClusterResolver:43 - Resolving eureka endpoints via configuration
2025-06-01 18:33:03.136 [AsyncResolver-bootstrap-executor-0] INFO  c.n.d.shared.resolver.aws.ConfigClusterResolver:43 - Resolving eureka endpoints via configuration
2025-06-01 18:38:03.148 [AsyncResolver-bootstrap-executor-0] INFO  c.n.d.shared.resolver.aws.ConfigClusterResolver:43 - Resolving eureka endpoints via configuration
2025-06-01 18:43:03.162 [AsyncResolver-bootstrap-executor-0] INFO  c.n.d.shared.resolver.aws.ConfigClusterResolver:43 - Resolving eureka endpoints via configuration
2025-06-01 18:48:03.164 [AsyncResolver-bootstrap-executor-0] INFO  c.n.d.shared.resolver.aws.ConfigClusterResolver:43 - Resolving eureka endpoints via configuration
2025-06-01 18:53:03.179 [AsyncResolver-bootstrap-executor-0] INFO  c.n.d.shared.resolver.aws.ConfigClusterResolver:43 - Resolving eureka endpoints via configuration
2025-06-01 18:58:03.194 [AsyncResolver-bootstrap-executor-0] INFO  c.n.d.shared.resolver.aws.ConfigClusterResolver:43 - Resolving eureka endpoints via configuration
2025-06-01 19:03:03.199 [AsyncResolver-bootstrap-executor-0] INFO  c.n.d.shared.resolver.aws.ConfigClusterResolver:43 - Resolving eureka endpoints via configuration
2025-06-01 19:08:03.213 [AsyncResolver-bootstrap-executor-0] INFO  c.n.d.shared.resolver.aws.ConfigClusterResolver:43 - Resolving eureka endpoints via configuration
2025-06-01 19:13:03.226 [AsyncResolver-bootstrap-executor-0] INFO  c.n.d.shared.resolver.aws.ConfigClusterResolver:43 - Resolving eureka endpoints via configuration
2025-06-01 19:18:03.240 [AsyncResolver-bootstrap-executor-0] INFO  c.n.d.shared.resolver.aws.ConfigClusterResolver:43 - Resolving eureka endpoints via configuration
2025-06-01 19:23:03.257 [AsyncResolver-bootstrap-executor-0] INFO  c.n.d.shared.resolver.aws.ConfigClusterResolver:43 - Resolving eureka endpoints via configuration
2025-06-01 19:25:39.582 [SpringApplicationShutdownHook] INFO  o.s.c.n.e.serviceregistry.EurekaServiceRegistry:62 - Unregistering application JOB-API with eureka with status DOWN
2025-06-01 19:25:39.584 [SpringApplicationShutdownHook] INFO  com.netflix.discovery.DiscoveryClient:1352 - Saw local status change event StatusChangeEvent [timestamp=1748777139584, current=DOWN, previous=UP]
2025-06-01 19:25:39.584 [DiscoveryClient-InstanceInfoReplicator-0] INFO  com.netflix.discovery.DiscoveryClient:873 - DiscoveryClient_JOB-API/192.168.45.86:8080: registering service...
2025-06-01 19:25:39.598 [DiscoveryClient-InstanceInfoReplicator-0] INFO  com.netflix.discovery.DiscoveryClient:882 - DiscoveryClient_JOB-API/192.168.45.86:8080 - registration status: 204
2025-06-01 19:25:40.015 [SpringApplicationShutdownHook] INFO  com.netflix.discovery.DiscoveryClient:935 - Shutting down DiscoveryClient ...
2025-06-01 19:25:43.032 [SpringApplicationShutdownHook] INFO  com.netflix.discovery.DiscoveryClient:971 - Unregistering ...
2025-06-01 19:25:47.132 [SpringApplicationShutdownHook] INFO  c.n.d.s.t.decorator.RedirectingEurekaHttpClient:93 - Request execution error. endpoint=DefaultEndpoint{ serviceUrl='http://localhost:8000/eureka/} exception=I/O error on DELETE request for "http://localhost:8000/eureka/apps/JOB-API/192.168.45.86:8080": Connect to localhost:8000 [localhost/127.0.0.1, localhost/0:0:0:0:0:0:0:1] failed: Connection refused: connect; nested exception is org.apache.http.conn.HttpHostConnectException: Connect to localhost:8000 [localhost/127.0.0.1, localhost/0:0:0:0:0:0:0:1] failed: Connection refused: connect stacktrace=org.springframework.web.client.ResourceAccessException: I/O error on DELETE request for "http://localhost:8000/eureka/apps/JOB-API/192.168.45.86:8080": Connect to localhost:8000 [localhost/127.0.0.1, localhost/0:0:0:0:0:0:0:1] failed: Connection refused: connect; nested exception is org.apache.http.conn.HttpHostConnectException: Connect to localhost:8000 [localhost/127.0.0.1, localhost/0:0:0:0:0:0:0:1] failed: Connection refused: connect
	at org.springframework.web.client.RestTemplate.doExecute(RestTemplate.java:791)
	at org.springframework.web.client.RestTemplate.execute(RestTemplate.java:717)
	at org.springframework.web.client.RestTemplate.exchange(RestTemplate.java:608)
	at org.springframework.cloud.netflix.eureka.http.RestTemplateEurekaHttpClient.cancel(RestTemplateEurekaHttpClient.java:87)
	at com.netflix.discovery.shared.transport.decorator.EurekaHttpClientDecorator$2.execute(EurekaHttpClientDecorator.java:74)
	at com.netflix.discovery.shared.transport.decorator.RedirectingEurekaHttpClient.execute(RedirectingEurekaHttpClient.java:91)
	at com.netflix.discovery.shared.transport.decorator.EurekaHttpClientDecorator.cancel(EurekaHttpClientDecorator.java:71)
	at com.netflix.discovery.shared.transport.decorator.EurekaHttpClientDecorator$2.execute(EurekaHttpClientDecorator.java:74)
	at com.netflix.discovery.shared.transport.decorator.RetryableEurekaHttpClient.execute(RetryableEurekaHttpClient.java:120)
	at com.netflix.discovery.shared.transport.decorator.EurekaHttpClientDecorator.cancel(EurekaHttpClientDecorator.java:71)
	at com.netflix.discovery.shared.transport.decorator.EurekaHttpClientDecorator$2.execute(EurekaHttpClientDecorator.java:74)
	at com.netflix.discovery.shared.transport.decorator.SessionedEurekaHttpClient.execute(SessionedEurekaHttpClient.java:77)
	at com.netflix.discovery.shared.transport.decorator.EurekaHttpClientDecorator.cancel(EurekaHttpClientDecorator.java:71)
	at com.netflix.discovery.DiscoveryClient.unregister(DiscoveryClient.java:972)
	at com.netflix.discovery.DiscoveryClient.shutdown(DiscoveryClient.java:948)
	at sun.reflect.NativeMethodAccessorImpl.invoke0(Native Method)
	at sun.reflect.NativeMethodAccessorImpl.invoke(NativeMethodAccessorImpl.java:62)
	at sun.reflect.DelegatingMethodAccessorImpl.invoke(DelegatingMethodAccessorImpl.java:43)
	at java.lang.reflect.Method.invoke(Method.java:483)
	at org.springframework.beans.factory.annotation.InitDestroyAnnotationBeanPostProcessor$LifecycleElement.invoke(InitDestroyAnnotationBeanPostProcessor.java:389)
	at org.springframework.beans.factory.annotation.InitDestroyAnnotationBeanPostProcessor$LifecycleMetadata.invokeDestroyMethods(InitDestroyAnnotationBeanPostProcessor.java:347)
	at org.springframework.beans.factory.annotation.InitDestroyAnnotationBeanPostProcessor.postProcessBeforeDestruction(InitDestroyAnnotationBeanPostProcessor.java:177)
	at org.springframework.beans.factory.support.DisposableBeanAdapter.destroy(DisposableBeanAdapter.java:197)
	at org.springframework.beans.factory.support.DisposableBeanAdapter.run(DisposableBeanAdapter.java:190)
	at org.springframework.cloud.context.scope.GenericScope$BeanLifecycleWrapper.destroy(GenericScope.java:390)
	at org.springframework.cloud.context.scope.GenericScope.destroy(GenericScope.java:136)
	at org.springframework.beans.factory.support.DisposableBeanAdapter.destroy(DisposableBeanAdapter.java:213)
	at org.springframework.beans.factory.support.DefaultSingletonBeanRegistry.destroyBean(DefaultSingletonBeanRegistry.java:587)
	at org.springframework.beans.factory.support.DefaultSingletonBeanRegistry.destroySingleton(DefaultSingletonBeanRegistry.java:559)
	at org.springframework.beans.factory.support.DefaultListableBeanFactory.destroySingleton(DefaultListableBeanFactory.java:1163)
	at org.springframework.beans.factory.support.DefaultSingletonBeanRegistry.destroySingletons(DefaultSingletonBeanRegistry.java:520)
	at org.springframework.beans.factory.support.DefaultListableBeanFactory.destroySingletons(DefaultListableBeanFactory.java:1156)
	at org.springframework.context.support.AbstractApplicationContext.destroyBeans(AbstractApplicationContext.java:1120)
	at org.springframework.context.support.AbstractApplicationContext.doClose(AbstractApplicationContext.java:1086)
	at org.springframework.boot.web.servlet.context.ServletWebServerApplicationContext.doClose(ServletWebServerApplicationContext.java:174)
	at org.springframework.context.support.AbstractApplicationContext.close(AbstractApplicationContext.java:1032)
	at org.springframework.boot.SpringApplicationShutdownHook.closeAndWait(SpringApplicationShutdownHook.java:145)
	at org.springframework.boot.SpringApplicationShutdownHook$$Lambda$1523/710960437.accept(Unknown Source)
	at java.lang.Iterable.forEach(Iterable.java:75)
	at org.springframework.boot.SpringApplicationShutdownHook.run(SpringApplicationShutdownHook.java:114)
	at java.lang.Thread.run(Thread.java:745)
Caused by: org.apache.http.conn.HttpHostConnectException: Connect to localhost:8000 [localhost/127.0.0.1, localhost/0:0:0:0:0:0:0:1] failed: Connection refused: connect
	at org.apache.http.impl.conn.DefaultHttpClientConnectionOperator.connect(DefaultHttpClientConnectionOperator.java:156)
	at org.apache.http.impl.conn.PoolingHttpClientConnectionManager.connect(PoolingHttpClientConnectionManager.java:376)
	at org.apache.http.impl.execchain.MainClientExec.establishRoute(MainClientExec.java:393)
	at org.apache.http.impl.execchain.MainClientExec.execute(MainClientExec.java:236)
	at org.apache.http.impl.execchain.ProtocolExec.execute(ProtocolExec.java:186)
	at org.apache.http.impl.execchain.RetryExec.execute(RetryExec.java:89)
	at org.apache.http.impl.execchain.RedirectExec.execute(RedirectExec.java:110)
	at org.apache.http.impl.client.InternalHttpClient.doExecute(InternalHttpClient.java:185)
	at org.apache.http.impl.client.CloseableHttpClient.execute(CloseableHttpClient.java:83)
	at org.apache.http.impl.client.CloseableHttpClient.execute(CloseableHttpClient.java:56)
	at org.springframework.http.client.HttpComponentsClientHttpRequest.executeInternal(HttpComponentsClientHttpRequest.java:87)
	at org.springframework.http.client.AbstractBufferingClientHttpRequest.executeInternal(AbstractBufferingClientHttpRequest.java:48)
	at org.springframework.http.client.AbstractClientHttpRequest.execute(AbstractClientHttpRequest.java:66)
	at org.springframework.web.client.RestTemplate.doExecute(RestTemplate.java:782)
	... 40 more
Caused by: java.net.ConnectException: Connection refused: connect
	at java.net.DualStackPlainSocketImpl.connect0(Native Method)
	at java.net.DualStackPlainSocketImpl.socketConnect(DualStackPlainSocketImpl.java:79)
	at java.net.AbstractPlainSocketImpl.doConnect(AbstractPlainSocketImpl.java:345)
	at java.net.AbstractPlainSocketImpl.connectToAddress(AbstractPlainSocketImpl.java:206)
	at java.net.AbstractPlainSocketImpl.connect(AbstractPlainSocketImpl.java:188)
	at java.net.PlainSocketImpl.connect(PlainSocketImpl.java:172)
	at java.net.SocksSocketImpl.connect(SocksSocketImpl.java:392)
	at java.net.Socket.connect(Socket.java:589)
	at org.apache.http.conn.socket.PlainConnectionSocketFactory.connectSocket(PlainConnectionSocketFactory.java:75)
	at org.apache.http.impl.conn.DefaultHttpClientConnectionOperator.connect(DefaultHttpClientConnectionOperator.java:142)
	... 53 more

